<?xml version="1.0" encoding="UTF-8"?>
<!-- Generated by org.testng.reporters.JUnitReportReporter -->
<testsuite hostname="LDCHLAP-PRADEEP" failures="0" tests="4" name="test.NopCommerceTest" time="0.120" errors="1" timestamp="2020-12-21T20:54:25 IST" skipped="3">
  <testcase classname="test.NopCommerceTest" name="nopCommerceLogoTest" time="0.000">
    <skipped/>
  </testcase> <!-- nopCommerceLogoTest -->
  <system-out/>
  <testcase classname="test.NopCommerceTest" name="nopCommerceLoginTest" time="0.000">
    <skipped/>
  </testcase> <!-- nopCommerceLoginTest -->
  <system-out/>
  <testcase classname="test.NopCommerceTest" name="setExtent" time="0.120">
    <error message="freemarker/ext/beans/BeansWrapperBuilder" type="java.lang.NoClassDefFoundError">
      <![CDATA[java.lang.NoClassDefFoundError: freemarker/ext/beans/BeansWrapperBuilder
at com.aventstack.extentreports.reporter.BasicFileReporter.start(BasicFileReporter.java:152)
at com.aventstack.extentreports.ExtentObservable.register(ExtentObservable.java:179)
at java.base/java.util.Spliterators$ArraySpliterator.forEachRemaining(Spliterators.java:948)
at java.base/java.util.stream.ReferencePipeline$Head.forEach(ReferencePipeline.java:658)
at com.aventstack.extentreports.ExtentReports.attachReporter(ExtentReports.java:69)
at test.NopCommerceTest.setExtent(NopCommerceTest.java:46)
at java.base/jdk.internal.reflect.NativeMethodAccessorImpl.invoke0(Native Method)
at java.base/jdk.internal.reflect.NativeMethodAccessorImpl.invoke(NativeMethodAccessorImpl.java:62)
at java.base/jdk.internal.reflect.DelegatingMethodAccessorImpl.invoke(DelegatingMethodAccessorImpl.java:43)
at java.base/java.lang.reflect.Method.invoke(Method.java:564)
at org.testng.internal.MethodInvocationHelper.invokeMethod(MethodInvocationHelper.java:132)
at org.testng.internal.MethodInvocationHelper.invokeMethodConsideringTimeout(MethodInvocationHelper.java:61)
at org.testng.internal.ConfigInvoker.invokeConfigurationMethod(ConfigInvoker.java:366)
at org.testng.internal.ConfigInvoker.invokeConfigurations(ConfigInvoker.java:320)
at org.testng.TestRunner.invokeTestConfigurations(TestRunner.java:617)
at org.testng.TestRunner.beforeRun(TestRunner.java:607)
at org.testng.TestRunner.run(TestRunner.java:578)
at org.testng.SuiteRunner.runTest(SuiteRunner.java:384)
at org.testng.SuiteRunner.runSequentially(SuiteRunner.java:378)
at org.testng.SuiteRunner.privateRun(SuiteRunner.java:337)
at org.testng.SuiteRunner.run(SuiteRunner.java:286)
at org.testng.SuiteRunnerWorker.runSuite(SuiteRunnerWorker.java:53)
at org.testng.SuiteRunnerWorker.run(SuiteRunnerWorker.java:96)
at org.testng.TestNG.runSuitesSequentially(TestNG.java:1218)
at org.testng.TestNG.runSuitesLocally(TestNG.java:1140)
at org.testng.TestNG.runSuites(TestNG.java:1069)
at org.testng.TestNG.run(TestNG.java:1037)
at org.testng.remote.AbstractRemoteTestNG.run(AbstractRemoteTestNG.java:115)
at org.testng.remote.RemoteTestNG.initAndRun(RemoteTestNG.java:251)
at org.testng.remote.RemoteTestNG.main(RemoteTestNG.java:77)
Caused by: java.lang.ClassNotFoundException: freemarker.ext.beans.BeansWrapperBuilder
at java.base/jdk.internal.loader.BuiltinClassLoader.loadClass(BuiltinClassLoader.java:602)
at java.base/jdk.internal.loader.ClassLoaders$AppClassLoader.loadClass(ClassLoaders.java:178)
at java.base/java.lang.ClassLoader.loadClass(ClassLoader.java:522)
... 30 more
]]>
    </error>
  </testcase> <!-- setExtent -->
  <system-out/>
  <testcase classname="test.NopCommerceTest" name="nopCommerceTitle" time="0.000">
    <skipped/>
  </testcase> <!-- nopCommerceTitle -->
  <system-out/>
</testsuite> <!-- test.NopCommerceTest -->
